Determining if the pthread_create exist failed with the following output:
Change Dir: /home/dice/catkin_ws/build/CMakeFiles/CMakeTmp

Run Build Command:"/usr/bin/make" "cmTC_4e3ad/fast"
/usr/bin/make -f CMakeFiles/cmTC_4e3ad.dir/build.make CMakeFiles/cmTC_4e3ad.dir/build
make[1]: Entering directory '/home/dice/catkin_ws/build/CMakeFiles/CMakeTmp'
Building C object CMakeFiles/cmTC_4e3ad.dir/CheckSymbolExists.c.o
/usr/bin/cc    -o CMakeFiles/cmTC_4e3ad.dir/CheckSymbolExists.c.o   -c /home/dice/catkin_ws/build/CMakeFiles/CMakeTmp/CheckSymbolExists.c
Linking C executable cmTC_4e3ad
/usr/bin/cmake -E cmake_link_script CMakeFiles/cmTC_4e3ad.dir/link.txt --verbose=1
/usr/bin/cc      -rdynamic CMakeFiles/cmTC_4e3ad.dir/CheckSymbolExists.c.o  -o cmTC_4e3ad 
CMakeFiles/cmTC_4e3ad.dir/CheckSymbolExists.c.o: In function `main':
CheckSymbolExists.c:(.text+0x1b): undefined reference to `pthread_create'
collect2: error: ld returned 1 exit status
CMakeFiles/cmTC_4e3ad.dir/build.make:97: recipe for target 'cmTC_4e3ad' failed
make[1]: *** [cmTC_4e3ad] Error 1
make[1]: Leaving directory '/home/dice/catkin_ws/build/CMakeFiles/CMakeTmp'
Makefile:126: recipe for target 'cmTC_4e3ad/fast' failed
make: *** [cmTC_4e3ad/fast] Error 2

File /home/dice/catkin_ws/build/CMakeFiles/CMakeTmp/CheckSymbolExists.c:
/* */
#include <pthread.h>

int main(int argc, char** argv)
{
  (void)argv;
#ifndef pthread_create
  return ((int*)(&pthread_create))[argc];
#else
  (void)argc;
  return 0;
#endif
}

Determining if the function pthread_create exists in the pthreads failed with the following output:
Change Dir: /home/dice/catkin_ws/build/CMakeFiles/CMakeTmp

Run Build Command:"/usr/bin/make" "cmTC_93a09/fast"
/usr/bin/make -f CMakeFiles/cmTC_93a09.dir/build.make CMakeFiles/cmTC_93a09.dir/build
make[1]: Entering directory '/home/dice/catkin_ws/build/CMakeFiles/CMakeTmp'
Building C object CMakeFiles/cmTC_93a09.dir/CheckFunctionExists.c.o
/usr/bin/cc   -DCHECK_FUNCTION_EXISTS=pthread_create   -o CMakeFiles/cmTC_93a09.dir/CheckFunctionExists.c.o   -c /usr/share/cmake-3.10/Modules/CheckFunctionExists.c
Linking C executable cmTC_93a09
/usr/bin/cmake -E cmake_link_script CMakeFiles/cmTC_93a09.dir/link.txt --verbose=1
/usr/bin/cc  -DCHECK_FUNCTION_EXISTS=pthread_create    -rdynamic CMakeFiles/cmTC_93a09.dir/CheckFunctionExists.c.o  -o cmTC_93a09 -lpthreads 
/usr/bin/ld: cannot find -lpthreads
collect2: error: ld returned 1 exit status
CMakeFiles/cmTC_93a09.dir/build.make:97: recipe for target 'cmTC_93a09' failed
make[1]: *** [cmTC_93a09] Error 1
make[1]: Leaving directory '/home/dice/catkin_ws/build/CMakeFiles/CMakeTmp'
Makefile:126: recipe for target 'cmTC_93a09/fast' failed
make: *** [cmTC_93a09/fast] Error 2


